Namespace(batch_size=20, class_choice=7, dataset_type='modelnet', device='cuda:0', emb_dims=1024, epochs=200, eval=False, exp_name='car_ipcrnet', num_points=1024, optimizer='Adam', pointnet='tune', pretrained='', resume='', seed=1234, start_epoch=0, symfn='max', workers=4)
EPOCH:: 1, Traininig Loss: 0.113557, Testing Loss: 0.116430, Best Loss: 0.116430
EPOCH:: 2, Traininig Loss: 0.069501, Testing Loss: 0.058663, Best Loss: 0.058663
EPOCH:: 3, Traininig Loss: 0.058486, Testing Loss: 0.055984, Best Loss: 0.055984
EPOCH:: 4, Traininig Loss: 0.058338, Testing Loss: 0.055215, Best Loss: 0.055215
EPOCH:: 5, Traininig Loss: 0.053769, Testing Loss: 0.061692, Best Loss: 0.055215
EPOCH:: 6, Traininig Loss: 0.054789, Testing Loss: 0.064183, Best Loss: 0.055215
EPOCH:: 7, Traininig Loss: 0.056243, Testing Loss: 0.053713, Best Loss: 0.053713
EPOCH:: 8, Traininig Loss: 0.053161, Testing Loss: 0.055436, Best Loss: 0.053713
EPOCH:: 9, Traininig Loss: 0.054645, Testing Loss: 0.055313, Best Loss: 0.053713
EPOCH:: 10, Traininig Loss: 0.054443, Testing Loss: 0.068175, Best Loss: 0.053713
EPOCH:: 11, Traininig Loss: 0.070226, Testing Loss: 0.062404, Best Loss: 0.053713
EPOCH:: 12, Traininig Loss: 0.070357, Testing Loss: 0.055296, Best Loss: 0.053713
EPOCH:: 13, Traininig Loss: 0.063216, Testing Loss: 0.070883, Best Loss: 0.053713
EPOCH:: 14, Traininig Loss: 0.067447, Testing Loss: 0.070294, Best Loss: 0.053713
EPOCH:: 15, Traininig Loss: 0.052806, Testing Loss: 0.050667, Best Loss: 0.050667
EPOCH:: 16, Traininig Loss: 0.049750, Testing Loss: 0.049628, Best Loss: 0.049628
EPOCH:: 17, Traininig Loss: 0.044352, Testing Loss: 0.046435, Best Loss: 0.046435
EPOCH:: 18, Traininig Loss: 0.039813, Testing Loss: 0.041287, Best Loss: 0.041287
EPOCH:: 19, Traininig Loss: 0.033503, Testing Loss: 0.041584, Best Loss: 0.041287
EPOCH:: 20, Traininig Loss: 0.034232, Testing Loss: 0.034555, Best Loss: 0.034555
EPOCH:: 21, Traininig Loss: 0.026629, Testing Loss: 0.034279, Best Loss: 0.034279
EPOCH:: 22, Traininig Loss: 0.025152, Testing Loss: 0.027659, Best Loss: 0.027659
EPOCH:: 23, Traininig Loss: 0.022349, Testing Loss: 0.026636, Best Loss: 0.026636
EPOCH:: 24, Traininig Loss: 0.025181, Testing Loss: 0.037248, Best Loss: 0.026636
EPOCH:: 25, Traininig Loss: 0.028050, Testing Loss: 0.023897, Best Loss: 0.023897
EPOCH:: 26, Traininig Loss: 0.023839, Testing Loss: 0.032252, Best Loss: 0.023897
EPOCH:: 27, Traininig Loss: 0.023302, Testing Loss: 0.024455, Best Loss: 0.023897
EPOCH:: 28, Traininig Loss: 0.018371, Testing Loss: 0.023812, Best Loss: 0.023812
EPOCH:: 29, Traininig Loss: 0.021982, Testing Loss: 0.027060, Best Loss: 0.023812
EPOCH:: 30, Traininig Loss: 0.020564, Testing Loss: 0.031618, Best Loss: 0.023812
EPOCH:: 31, Traininig Loss: 0.020614, Testing Loss: 0.017839, Best Loss: 0.017839
EPOCH:: 32, Traininig Loss: 0.024193, Testing Loss: 0.032487, Best Loss: 0.017839
EPOCH:: 33, Traininig Loss: 0.029475, Testing Loss: 0.031581, Best Loss: 0.017839
EPOCH:: 34, Traininig Loss: 0.026025, Testing Loss: 0.019324, Best Loss: 0.017839
EPOCH:: 35, Traininig Loss: 0.027409, Testing Loss: 0.021466, Best Loss: 0.017839
EPOCH:: 36, Traininig Loss: 0.051393, Testing Loss: 0.055892, Best Loss: 0.017839
EPOCH:: 37, Traininig Loss: 0.049911, Testing Loss: 0.035616, Best Loss: 0.017839
EPOCH:: 38, Traininig Loss: 0.030860, Testing Loss: 0.029529, Best Loss: 0.017839
EPOCH:: 39, Traininig Loss: 0.027120, Testing Loss: 0.028913, Best Loss: 0.017839
EPOCH:: 40, Traininig Loss: 0.030551, Testing Loss: 0.030798, Best Loss: 0.017839
EPOCH:: 41, Traininig Loss: 0.024192, Testing Loss: 0.032520, Best Loss: 0.017839
EPOCH:: 42, Traininig Loss: 0.026194, Testing Loss: 0.031235, Best Loss: 0.017839
EPOCH:: 43, Traininig Loss: 0.028525, Testing Loss: 0.049230, Best Loss: 0.017839
EPOCH:: 44, Traininig Loss: 0.028929, Testing Loss: 0.029191, Best Loss: 0.017839
EPOCH:: 45, Traininig Loss: 0.025539, Testing Loss: 0.028552, Best Loss: 0.017839
EPOCH:: 46, Traininig Loss: 0.023653, Testing Loss: 0.029415, Best Loss: 0.017839
EPOCH:: 47, Traininig Loss: 0.025618, Testing Loss: 0.033015, Best Loss: 0.017839
EPOCH:: 48, Traininig Loss: 0.025144, Testing Loss: 0.029312, Best Loss: 0.017839
EPOCH:: 49, Traininig Loss: 0.023157, Testing Loss: 0.028493, Best Loss: 0.017839
EPOCH:: 50, Traininig Loss: 0.023816, Testing Loss: 0.029807, Best Loss: 0.017839
EPOCH:: 51, Traininig Loss: 0.022471, Testing Loss: 0.036622, Best Loss: 0.017839
EPOCH:: 52, Traininig Loss: 0.025728, Testing Loss: 0.030708, Best Loss: 0.017839
EPOCH:: 53, Traininig Loss: 0.032415, Testing Loss: 0.044144, Best Loss: 0.017839
EPOCH:: 54, Traininig Loss: 0.031392, Testing Loss: 0.029771, Best Loss: 0.017839
EPOCH:: 55, Traininig Loss: 0.023344, Testing Loss: 0.031679, Best Loss: 0.017839
EPOCH:: 56, Traininig Loss: 0.024264, Testing Loss: 0.028058, Best Loss: 0.017839
EPOCH:: 57, Traininig Loss: 0.022260, Testing Loss: 0.030473, Best Loss: 0.017839
EPOCH:: 58, Traininig Loss: 0.024448, Testing Loss: 0.036048, Best Loss: 0.017839
EPOCH:: 59, Traininig Loss: 0.025019, Testing Loss: 0.033617, Best Loss: 0.017839
EPOCH:: 60, Traininig Loss: 0.025041, Testing Loss: 0.030062, Best Loss: 0.017839
EPOCH:: 61, Traininig Loss: 0.030114, Testing Loss: 0.029488, Best Loss: 0.017839
EPOCH:: 62, Traininig Loss: 0.032105, Testing Loss: 0.032444, Best Loss: 0.017839
EPOCH:: 63, Traininig Loss: 0.023880, Testing Loss: 0.034186, Best Loss: 0.017839
EPOCH:: 64, Traininig Loss: 0.027062, Testing Loss: 0.030126, Best Loss: 0.017839
EPOCH:: 65, Traininig Loss: 0.026987, Testing Loss: 0.042266, Best Loss: 0.017839
EPOCH:: 66, Traininig Loss: 0.026287, Testing Loss: 0.033335, Best Loss: 0.017839
EPOCH:: 67, Traininig Loss: 0.025069, Testing Loss: 0.032314, Best Loss: 0.017839
EPOCH:: 68, Traininig Loss: 0.025801, Testing Loss: 0.030478, Best Loss: 0.017839
EPOCH:: 69, Traininig Loss: 0.028154, Testing Loss: 0.031360, Best Loss: 0.017839
EPOCH:: 70, Traininig Loss: 0.025923, Testing Loss: 0.031283, Best Loss: 0.017839
EPOCH:: 71, Traininig Loss: 0.022271, Testing Loss: 0.030700, Best Loss: 0.017839
EPOCH:: 72, Traininig Loss: 0.026164, Testing Loss: 0.030073, Best Loss: 0.017839
EPOCH:: 73, Traininig Loss: 0.026181, Testing Loss: 0.042172, Best Loss: 0.017839
EPOCH:: 74, Traininig Loss: 0.023785, Testing Loss: 0.030736, Best Loss: 0.017839
EPOCH:: 75, Traininig Loss: 0.022337, Testing Loss: 0.030528, Best Loss: 0.017839
EPOCH:: 76, Traininig Loss: 0.021816, Testing Loss: 0.030824, Best Loss: 0.017839
EPOCH:: 77, Traininig Loss: 0.021599, Testing Loss: 0.035002, Best Loss: 0.017839
EPOCH:: 78, Traininig Loss: 0.021819, Testing Loss: 0.029330, Best Loss: 0.017839
EPOCH:: 79, Traininig Loss: 0.022269, Testing Loss: 0.030047, Best Loss: 0.017839
EPOCH:: 80, Traininig Loss: 0.022326, Testing Loss: 0.029483, Best Loss: 0.017839
EPOCH:: 81, Traininig Loss: 0.022020, Testing Loss: 0.030419, Best Loss: 0.017839
EPOCH:: 82, Traininig Loss: 0.023220, Testing Loss: 0.031929, Best Loss: 0.017839
EPOCH:: 83, Traininig Loss: 0.021394, Testing Loss: 0.031726, Best Loss: 0.017839
EPOCH:: 84, Traininig Loss: 0.023016, Testing Loss: 0.029924, Best Loss: 0.017839
EPOCH:: 85, Traininig Loss: 0.024505, Testing Loss: 0.032302, Best Loss: 0.017839
EPOCH:: 86, Traininig Loss: 0.028162, Testing Loss: 0.031071, Best Loss: 0.017839
EPOCH:: 87, Traininig Loss: 0.026456, Testing Loss: 0.034503, Best Loss: 0.017839
EPOCH:: 88, Traininig Loss: 0.024206, Testing Loss: 0.048324, Best Loss: 0.017839
EPOCH:: 89, Traininig Loss: 0.029757, Testing Loss: 0.027953, Best Loss: 0.017839
EPOCH:: 90, Traininig Loss: 0.026729, Testing Loss: 0.029756, Best Loss: 0.017839
EPOCH:: 91, Traininig Loss: 0.025405, Testing Loss: 0.028517, Best Loss: 0.017839
EPOCH:: 92, Traininig Loss: 0.023239, Testing Loss: 0.037272, Best Loss: 0.017839
EPOCH:: 93, Traininig Loss: 0.025014, Testing Loss: 0.033188, Best Loss: 0.017839
EPOCH:: 94, Traininig Loss: 0.025525, Testing Loss: 0.029900, Best Loss: 0.017839
EPOCH:: 95, Traininig Loss: 0.025668, Testing Loss: 0.034304, Best Loss: 0.017839
EPOCH:: 96, Traininig Loss: 0.030626, Testing Loss: 0.040112, Best Loss: 0.017839
EPOCH:: 97, Traininig Loss: 0.027355, Testing Loss: 0.030127, Best Loss: 0.017839
EPOCH:: 98, Traininig Loss: 0.023599, Testing Loss: 0.031373, Best Loss: 0.017839
EPOCH:: 99, Traininig Loss: 0.024055, Testing Loss: 0.029437, Best Loss: 0.017839
EPOCH:: 100, Traininig Loss: 0.023314, Testing Loss: 0.031203, Best Loss: 0.017839
EPOCH:: 101, Traininig Loss: 0.024064, Testing Loss: 0.046119, Best Loss: 0.017839
EPOCH:: 102, Traininig Loss: 0.028649, Testing Loss: 0.038540, Best Loss: 0.017839
EPOCH:: 103, Traininig Loss: 0.027587, Testing Loss: 0.033093, Best Loss: 0.017839
EPOCH:: 104, Traininig Loss: 0.024839, Testing Loss: 0.028739, Best Loss: 0.017839
EPOCH:: 105, Traininig Loss: 0.021476, Testing Loss: 0.029202, Best Loss: 0.017839
EPOCH:: 106, Traininig Loss: 0.022626, Testing Loss: 0.027422, Best Loss: 0.017839
EPOCH:: 107, Traininig Loss: 0.022857, Testing Loss: 0.055880, Best Loss: 0.017839
EPOCH:: 108, Traininig Loss: 0.032202, Testing Loss: 0.032350, Best Loss: 0.017839
EPOCH:: 109, Traininig Loss: 0.025187, Testing Loss: 0.032296, Best Loss: 0.017839
EPOCH:: 110, Traininig Loss: 0.023911, Testing Loss: 0.032813, Best Loss: 0.017839
EPOCH:: 111, Traininig Loss: 0.023512, Testing Loss: 0.034414, Best Loss: 0.017839
EPOCH:: 112, Traininig Loss: 0.021151, Testing Loss: 0.031725, Best Loss: 0.017839
EPOCH:: 113, Traininig Loss: 0.021056, Testing Loss: 0.030342, Best Loss: 0.017839
EPOCH:: 114, Traininig Loss: 0.020949, Testing Loss: 0.035777, Best Loss: 0.017839
EPOCH:: 115, Traininig Loss: 0.020468, Testing Loss: 0.027903, Best Loss: 0.017839
EPOCH:: 116, Traininig Loss: 0.021140, Testing Loss: 0.028852, Best Loss: 0.017839
EPOCH:: 117, Traininig Loss: 0.020898, Testing Loss: 0.029486, Best Loss: 0.017839
EPOCH:: 118, Traininig Loss: 0.019947, Testing Loss: 0.027938, Best Loss: 0.017839
EPOCH:: 119, Traininig Loss: 0.019571, Testing Loss: 0.030265, Best Loss: 0.017839
EPOCH:: 120, Traininig Loss: 0.020725, Testing Loss: 0.033361, Best Loss: 0.017839
EPOCH:: 121, Traininig Loss: 0.021734, Testing Loss: 0.028485, Best Loss: 0.017839
EPOCH:: 122, Traininig Loss: 0.020543, Testing Loss: 0.033052, Best Loss: 0.017839
EPOCH:: 123, Traininig Loss: 0.018636, Testing Loss: 0.026639, Best Loss: 0.017839
EPOCH:: 124, Traininig Loss: 0.020686, Testing Loss: 0.029678, Best Loss: 0.017839
EPOCH:: 125, Traininig Loss: 0.022430, Testing Loss: 0.033149, Best Loss: 0.017839
EPOCH:: 126, Traininig Loss: 0.023088, Testing Loss: 0.026580, Best Loss: 0.017839
EPOCH:: 127, Traininig Loss: 0.018181, Testing Loss: 0.032022, Best Loss: 0.017839
EPOCH:: 128, Traininig Loss: 0.027493, Testing Loss: 0.033390, Best Loss: 0.017839
EPOCH:: 129, Traininig Loss: 0.024871, Testing Loss: 0.033263, Best Loss: 0.017839
EPOCH:: 130, Traininig Loss: 0.021415, Testing Loss: 0.033827, Best Loss: 0.017839
EPOCH:: 131, Traininig Loss: 0.022889, Testing Loss: 0.030018, Best Loss: 0.017839
EPOCH:: 132, Traininig Loss: 0.021217, Testing Loss: 0.029937, Best Loss: 0.017839
EPOCH:: 133, Traininig Loss: 0.020375, Testing Loss: 0.028045, Best Loss: 0.017839
EPOCH:: 134, Traininig Loss: 0.021482, Testing Loss: 0.028152, Best Loss: 0.017839
EPOCH:: 135, Traininig Loss: 0.022335, Testing Loss: 0.029900, Best Loss: 0.017839
EPOCH:: 136, Traininig Loss: 0.024853, Testing Loss: 0.036383, Best Loss: 0.017839
EPOCH:: 137, Traininig Loss: 0.025293, Testing Loss: 0.036307, Best Loss: 0.017839
EPOCH:: 138, Traininig Loss: 0.022954, Testing Loss: 0.031058, Best Loss: 0.017839
EPOCH:: 139, Traininig Loss: 0.024452, Testing Loss: 0.031696, Best Loss: 0.017839
EPOCH:: 140, Traininig Loss: 0.025574, Testing Loss: 0.040030, Best Loss: 0.017839
EPOCH:: 141, Traininig Loss: 0.025081, Testing Loss: 0.027205, Best Loss: 0.017839
EPOCH:: 142, Traininig Loss: 0.021160, Testing Loss: 0.026864, Best Loss: 0.017839
EPOCH:: 143, Traininig Loss: 0.020129, Testing Loss: 0.029485, Best Loss: 0.017839
EPOCH:: 144, Traininig Loss: 0.021785, Testing Loss: 0.030275, Best Loss: 0.017839
EPOCH:: 145, Traininig Loss: 0.027489, Testing Loss: 0.057070, Best Loss: 0.017839
EPOCH:: 146, Traininig Loss: 0.029714, Testing Loss: 0.032226, Best Loss: 0.017839
EPOCH:: 147, Traininig Loss: 0.026729, Testing Loss: 0.028401, Best Loss: 0.017839
EPOCH:: 148, Traininig Loss: 0.025009, Testing Loss: 0.028412, Best Loss: 0.017839
EPOCH:: 149, Traininig Loss: 0.024262, Testing Loss: 0.028059, Best Loss: 0.017839
EPOCH:: 150, Traininig Loss: 0.024411, Testing Loss: 0.028312, Best Loss: 0.017839
EPOCH:: 151, Traininig Loss: 0.027266, Testing Loss: 0.032101, Best Loss: 0.017839
EPOCH:: 152, Traininig Loss: 0.023273, Testing Loss: 0.029039, Best Loss: 0.017839
EPOCH:: 153, Traininig Loss: 0.023720, Testing Loss: 0.028711, Best Loss: 0.017839
EPOCH:: 154, Traininig Loss: 0.021017, Testing Loss: 0.027278, Best Loss: 0.017839
EPOCH:: 155, Traininig Loss: 0.021953, Testing Loss: 0.029490, Best Loss: 0.017839
EPOCH:: 156, Traininig Loss: 0.022467, Testing Loss: 0.032125, Best Loss: 0.017839
EPOCH:: 157, Traininig Loss: 0.023437, Testing Loss: 0.034742, Best Loss: 0.017839
EPOCH:: 158, Traininig Loss: 0.022289, Testing Loss: 0.027735, Best Loss: 0.017839
EPOCH:: 159, Traininig Loss: 0.020561, Testing Loss: 0.028767, Best Loss: 0.017839
EPOCH:: 160, Traininig Loss: 0.024267, Testing Loss: 0.033435, Best Loss: 0.017839
EPOCH:: 161, Traininig Loss: 0.022848, Testing Loss: 0.027630, Best Loss: 0.017839
EPOCH:: 162, Traininig Loss: 0.020831, Testing Loss: 0.027555, Best Loss: 0.017839
EPOCH:: 163, Traininig Loss: 0.019687, Testing Loss: 0.025906, Best Loss: 0.017839
EPOCH:: 164, Traininig Loss: 0.021238, Testing Loss: 0.027163, Best Loss: 0.017839
EPOCH:: 165, Traininig Loss: 0.020930, Testing Loss: 0.030310, Best Loss: 0.017839
EPOCH:: 166, Traininig Loss: 0.020513, Testing Loss: 0.031483, Best Loss: 0.017839
EPOCH:: 167, Traininig Loss: 0.022245, Testing Loss: 0.031037, Best Loss: 0.017839
EPOCH:: 168, Traininig Loss: 0.022439, Testing Loss: 0.027275, Best Loss: 0.017839
EPOCH:: 169, Traininig Loss: 0.020423, Testing Loss: 0.025289, Best Loss: 0.017839
EPOCH:: 170, Traininig Loss: 0.018825, Testing Loss: 0.029818, Best Loss: 0.017839
EPOCH:: 171, Traininig Loss: 0.022995, Testing Loss: 0.028242, Best Loss: 0.017839
EPOCH:: 172, Traininig Loss: 0.022936, Testing Loss: 0.030317, Best Loss: 0.017839
EPOCH:: 173, Traininig Loss: 0.025004, Testing Loss: 0.029444, Best Loss: 0.017839
EPOCH:: 174, Traininig Loss: 0.024111, Testing Loss: 0.029561, Best Loss: 0.017839
EPOCH:: 175, Traininig Loss: 0.025251, Testing Loss: 0.029185, Best Loss: 0.017839
EPOCH:: 176, Traininig Loss: 0.024796, Testing Loss: 0.039516, Best Loss: 0.017839
EPOCH:: 177, Traininig Loss: 0.023240, Testing Loss: 0.028077, Best Loss: 0.017839
EPOCH:: 178, Traininig Loss: 0.021498, Testing Loss: 0.027826, Best Loss: 0.017839
EPOCH:: 179, Traininig Loss: 0.020895, Testing Loss: 0.029083, Best Loss: 0.017839
EPOCH:: 180, Traininig Loss: 0.018858, Testing Loss: 0.028943, Best Loss: 0.017839
EPOCH:: 181, Traininig Loss: 0.024294, Testing Loss: 0.039853, Best Loss: 0.017839
EPOCH:: 182, Traininig Loss: 0.028711, Testing Loss: 0.033359, Best Loss: 0.017839
EPOCH:: 183, Traininig Loss: 0.024633, Testing Loss: 0.035136, Best Loss: 0.017839
EPOCH:: 184, Traininig Loss: 0.029329, Testing Loss: 0.037729, Best Loss: 0.017839
EPOCH:: 185, Traininig Loss: 0.022598, Testing Loss: 0.039108, Best Loss: 0.017839
EPOCH:: 186, Traininig Loss: 0.025878, Testing Loss: 0.026810, Best Loss: 0.017839
EPOCH:: 187, Traininig Loss: 0.024478, Testing Loss: 0.028549, Best Loss: 0.017839
EPOCH:: 188, Traininig Loss: 0.020325, Testing Loss: 0.031626, Best Loss: 0.017839
EPOCH:: 189, Traininig Loss: 0.019070, Testing Loss: 0.027539, Best Loss: 0.017839
EPOCH:: 190, Traininig Loss: 0.020296, Testing Loss: 0.030959, Best Loss: 0.017839
EPOCH:: 191, Traininig Loss: 0.023593, Testing Loss: 0.036599, Best Loss: 0.017839
EPOCH:: 192, Traininig Loss: 0.028284, Testing Loss: 0.038189, Best Loss: 0.017839
EPOCH:: 193, Traininig Loss: 0.024085, Testing Loss: 0.027314, Best Loss: 0.017839
EPOCH:: 194, Traininig Loss: 0.018469, Testing Loss: 0.027965, Best Loss: 0.017839
EPOCH:: 195, Traininig Loss: 0.018295, Testing Loss: 0.031702, Best Loss: 0.017839
EPOCH:: 196, Traininig Loss: 0.021954, Testing Loss: 0.028661, Best Loss: 0.017839
EPOCH:: 197, Traininig Loss: 0.024655, Testing Loss: 0.026825, Best Loss: 0.017839
EPOCH:: 198, Traininig Loss: 0.021314, Testing Loss: 0.025906, Best Loss: 0.017839
EPOCH:: 199, Traininig Loss: 0.018429, Testing Loss: 0.023475, Best Loss: 0.017839
EPOCH:: 200, Traininig Loss: 0.019673, Testing Loss: 0.034390, Best Loss: 0.017839
Namespace(batch_size=20, class_choice=7, dataset_type='modelnet', device='cuda:0', emb_dims=1024, epochs=200, eval=False, exp_name='car_ipcrnet', num_points=1024, optimizer='Adam', pointnet='tune', pretrained='', resume='', seed=1234, start_epoch=0, symfn='max', workers=4)
Namespace(batch_size=20, class_choice=7, dataset_type='modelnet', device='cuda:0', emb_dims=1024, epochs=200, eval=False, exp_name='car_ipcrnet', num_points=1024, optimizer='Adam', pointnet='tune', pretrained='', resume='', seed=1234, start_epoch=0, symfn='max', workers=4)
Namespace(batch_size=20, class_choice=7, data_folder='modelnet40_ply_hdf5_2048', dataset_type='modelnet', device='cuda:0', emb_dims=1024, epochs=200, eval=False, exp_name='car_ipcrnet', num_points=1024, optimizer='Adam', pointnet='tune', pretrained='', resume='', seed=1234, start_epoch=0, symfn='max', workers=4)
Namespace(batch_size=20, class_choice=7, datafolder='modelnet40_ply_hdf5_2048', dataset_type='modelnet', device='cuda:0', emb_dims=1024, epochs=200, eval=False, exp_name='car_ipcrnet', num_points=1024, optimizer='Adam', pointnet='tune', pretrained='', resume='', seed=1234, start_epoch=0, symfn='max', workers=4)
Namespace(batch_size=20, class_choice=7, datafolder='modelnet40_ply_hdf5_2048', dataset_type='modelnet', device='cuda:0', emb_dims=1024, epochs=200, eval=False, exp_name='car_ipcrnet', num_points=1024, optimizer='Adam', pointnet='tune', pretrained='', resume='', seed=1234, start_epoch=0, symfn='max', workers=4)
Namespace(batch_size=20, class_choice=7, datafolder='modelnet40_ply_hdf5_2048', dataset_type='modelnet', device='cuda:0', emb_dims=1024, epochs=200, eval=False, exp_name='car_ipcrnet', num_points=1024, optimizer='Adam', pointnet='tune', pretrained='', resume='', seed=1234, start_epoch=0, symfn='max', workers=4)
Namespace(batch_size=20, class_choice=7, datafolder='modelnet40_ply_hdf5_2048', dataset_type='modelnet', device='cuda:0', emb_dims=1024, epochs=200, eval=False, exp_name='car_ipcrnet', num_points=1024, optimizer='Adam', pointnet='tune', pretrained='', resume='', seed=1234, start_epoch=0, symfn='max', workers=4)
Namespace(batch_size=20, class_choice=7, datafolder='modelnet40_ply_hdf5_2048', dataset_type='modelnet', device='cuda:0', emb_dims=1024, epochs=200, eval=False, exp_name='car_ipcrnet', num_points=1024, optimizer='Adam', pointnet='tune', pretrained='', resume='', seed=1234, start_epoch=0, symfn='max', workers=4)
Namespace(batch_size=20, class_choice=7, datafolder='modelnet40_ply_hdf5_2048', dataset_type='modelnet', device='cuda:0', emb_dims=1024, epochs=200, eval=False, exp_name='car_ipcrnet', num_points=1024, optimizer='Adam', pointnet='tune', pretrained='', resume='', seed=1234, start_epoch=0, symfn='max', workers=4)
Namespace(batch_size=20, class_choice=7, datafolder='modelnet40_ply_hdf5_2048', dataset_type='modelnet', device='cuda:0', emb_dims=1024, epochs=200, eval=False, exp_name='car_ipcrnet', num_points=1024, optimizer='Adam', pointnet='tune', pretrained='', resume='', seed=1234, start_epoch=0, symfn='max', workers=4)
Namespace(batch_size=20, class_choice=7, datafolder='modelnet40_ply_hdf5_2048', dataset_type='modelnet', device='cuda:0', emb_dims=1024, epochs=200, eval=False, exp_name='car_ipcrnet', num_points=1024, optimizer='Adam', pointnet='tune', pretrained='', resume='', seed=1234, start_epoch=0, symfn='max', workers=4)
Namespace(batch_size=20, class_choice=7, datafolder='car_hdf5_2048', dataset_type='modelnet', device='cuda:0', emb_dims=1024, epochs=200, eval=False, exp_name='car_ipcrnet', num_points=1024, optimizer='Adam', pointnet='tune', pretrained='', resume='', seed=1234, start_epoch=0, symfn='max', workers=4)
Namespace(batch_size=20, class_choice=7, datafolder='car_hdf5_2048', dataset_type='modelnet', device='cuda:0', emb_dims=1024, epochs=200, eval=False, exp_name='car_ipcrnet', num_points=1024, optimizer='Adam', pointnet='tune', pretrained='', resume='', seed=1234, start_epoch=0, symfn='max', workers=4)
Namespace(batch_size=20, class_choice=7, datafolder='car_hdf5_2048', dataset_type='modelnet', device='cuda:0', emb_dims=1024, epochs=200, eval=False, exp_name='car_ipcrnet', num_points=1024, optimizer='Adam', pointnet='tune', pretrained='', resume='', seed=1234, start_epoch=0, symfn='max', workers=4)
EPOCH:: 1, Traininig Loss: 1.150095, Testing Loss: 0.972641, Best Loss: 0.972641, Rot_err: 77.228653
EPOCH:: 2, Traininig Loss: 0.929937, Testing Loss: 0.941469, Best Loss: 0.941469, Rot_err: 75.445251
EPOCH:: 3, Traininig Loss: 0.784986, Testing Loss: 0.752198, Best Loss: 0.752198, Rot_err: 64.896156
EPOCH:: 4, Traininig Loss: 0.663031, Testing Loss: 0.677935, Best Loss: 0.677935, Rot_err: 61.298523
EPOCH:: 5, Traininig Loss: 0.581507, Testing Loss: 0.597829, Best Loss: 0.597829, Rot_err: 57.191792
EPOCH:: 6, Traininig Loss: 0.377988, Testing Loss: 0.220267, Best Loss: 0.220267, Rot_err: 33.106670
EPOCH:: 7, Traininig Loss: 0.162666, Testing Loss: 0.134658, Best Loss: 0.134658, Rot_err: 24.563543
EPOCH:: 8, Traininig Loss: 0.121332, Testing Loss: 0.133180, Best Loss: 0.133180, Rot_err: 25.169064
EPOCH:: 9, Traininig Loss: 0.113279, Testing Loss: 0.123691, Best Loss: 0.123691, Rot_err: 23.723347
EPOCH:: 10, Traininig Loss: 0.100708, Testing Loss: 0.090242, Best Loss: 0.090242, Rot_err: 20.878979
EPOCH:: 11, Traininig Loss: 0.091507, Testing Loss: 0.095921, Best Loss: 0.090242, Rot_err: 20.801746
EPOCH:: 12, Traininig Loss: 0.081358, Testing Loss: 0.091752, Best Loss: 0.090242, Rot_err: 20.102936
EPOCH:: 13, Traininig Loss: 0.076037, Testing Loss: 0.078127, Best Loss: 0.078127, Rot_err: 18.202520
EPOCH:: 14, Traininig Loss: 0.074369, Testing Loss: 0.089879, Best Loss: 0.078127, Rot_err: 20.353119
EPOCH:: 15, Traininig Loss: 0.072769, Testing Loss: 0.091092, Best Loss: 0.078127, Rot_err: 21.194592
EPOCH:: 16, Traininig Loss: 0.071265, Testing Loss: 0.063596, Best Loss: 0.063596, Rot_err: 17.230072
EPOCH:: 17, Traininig Loss: 0.060589, Testing Loss: 0.064029, Best Loss: 0.063596, Rot_err: 16.723543
EPOCH:: 18, Traininig Loss: 0.057204, Testing Loss: 0.069757, Best Loss: 0.063596, Rot_err: 17.534023
EPOCH:: 19, Traininig Loss: 0.051656, Testing Loss: 0.063596, Best Loss: 0.063596, Rot_err: 17.150608
EPOCH:: 20, Traininig Loss: 0.050495, Testing Loss: 0.060201, Best Loss: 0.060201, Rot_err: 16.317154
EPOCH:: 21, Traininig Loss: 0.050212, Testing Loss: 0.059674, Best Loss: 0.059674, Rot_err: 15.888205
EPOCH:: 22, Traininig Loss: 0.046099, Testing Loss: 0.065952, Best Loss: 0.059674, Rot_err: 18.037558
EPOCH:: 23, Traininig Loss: 0.046127, Testing Loss: 0.049450, Best Loss: 0.049450, Rot_err: 15.393524
EPOCH:: 24, Traininig Loss: 0.042921, Testing Loss: 0.042201, Best Loss: 0.042201, Rot_err: 13.943445
EPOCH:: 25, Traininig Loss: 0.037203, Testing Loss: 0.033405, Best Loss: 0.033405, Rot_err: 12.425795
EPOCH:: 26, Traininig Loss: 0.043616, Testing Loss: 0.065347, Best Loss: 0.033405, Rot_err: 17.401358
EPOCH:: 27, Traininig Loss: 0.037865, Testing Loss: 0.031918, Best Loss: 0.031918, Rot_err: 11.857607
EPOCH:: 28, Traininig Loss: 0.031744, Testing Loss: 0.056505, Best Loss: 0.031918, Rot_err: 15.395116
EPOCH:: 29, Traininig Loss: 0.036426, Testing Loss: 0.040311, Best Loss: 0.031918, Rot_err: 13.679324
EPOCH:: 30, Traininig Loss: 0.031461, Testing Loss: 0.034949, Best Loss: 0.031918, Rot_err: 12.044436
EPOCH:: 31, Traininig Loss: 0.032656, Testing Loss: 0.035265, Best Loss: 0.031918, Rot_err: 12.514987
EPOCH:: 32, Traininig Loss: 0.039499, Testing Loss: 0.034272, Best Loss: 0.031918, Rot_err: 12.475752
EPOCH:: 33, Traininig Loss: 0.040893, Testing Loss: 0.038553, Best Loss: 0.031918, Rot_err: 13.268728
EPOCH:: 34, Traininig Loss: 0.030114, Testing Loss: 0.036015, Best Loss: 0.031918, Rot_err: 12.726809
EPOCH:: 35, Traininig Loss: 0.033968, Testing Loss: 0.029784, Best Loss: 0.029784, Rot_err: 11.088231
EPOCH:: 36, Traininig Loss: 0.043296, Testing Loss: 0.176289, Best Loss: 0.029784, Rot_err: 28.513866
EPOCH:: 37, Traininig Loss: 0.042123, Testing Loss: 0.032265, Best Loss: 0.029784, Rot_err: 11.154286
EPOCH:: 38, Traininig Loss: 0.019056, Testing Loss: 0.027595, Best Loss: 0.027595, Rot_err: 10.572062
EPOCH:: 39, Traininig Loss: 0.017440, Testing Loss: 0.027173, Best Loss: 0.027173, Rot_err: 10.916921
EPOCH:: 40, Traininig Loss: 0.050570, Testing Loss: 0.027604, Best Loss: 0.027173, Rot_err: 10.880539
EPOCH:: 41, Traininig Loss: 0.022036, Testing Loss: 0.028333, Best Loss: 0.027173, Rot_err: 10.825392
EPOCH:: 42, Traininig Loss: 0.015781, Testing Loss: 0.025418, Best Loss: 0.025418, Rot_err: 10.162792
EPOCH:: 43, Traininig Loss: 0.015771, Testing Loss: 0.026604, Best Loss: 0.025418, Rot_err: 9.896112
EPOCH:: 44, Traininig Loss: 0.015136, Testing Loss: 0.030802, Best Loss: 0.025418, Rot_err: 11.355093
EPOCH:: 45, Traininig Loss: 0.014681, Testing Loss: 0.024812, Best Loss: 0.024812, Rot_err: 9.827717
EPOCH:: 46, Traininig Loss: 0.017007, Testing Loss: 0.026177, Best Loss: 0.024812, Rot_err: 10.329536
EPOCH:: 47, Traininig Loss: 0.015282, Testing Loss: 0.027028, Best Loss: 0.024812, Rot_err: 10.654690
EPOCH:: 48, Traininig Loss: 0.014456, Testing Loss: 0.024007, Best Loss: 0.024007, Rot_err: 10.015504
EPOCH:: 49, Traininig Loss: 0.013738, Testing Loss: 0.026166, Best Loss: 0.024007, Rot_err: 10.741553
EPOCH:: 50, Traininig Loss: 0.081857, Testing Loss: 0.051928, Best Loss: 0.024007, Rot_err: 15.370008
EPOCH:: 51, Traininig Loss: 0.040858, Testing Loss: 0.029332, Best Loss: 0.024007, Rot_err: 11.060904
EPOCH:: 52, Traininig Loss: 0.017832, Testing Loss: 0.104727, Best Loss: 0.024007, Rot_err: 22.428942
EPOCH:: 53, Traininig Loss: 0.045484, Testing Loss: 0.033308, Best Loss: 0.024007, Rot_err: 12.338770
EPOCH:: 54, Traininig Loss: 0.019364, Testing Loss: 0.027751, Best Loss: 0.024007, Rot_err: 10.383262
EPOCH:: 55, Traininig Loss: 0.015831, Testing Loss: 0.024610, Best Loss: 0.024007, Rot_err: 9.545865
EPOCH:: 56, Traininig Loss: 0.013688, Testing Loss: 0.026630, Best Loss: 0.024007, Rot_err: 10.167879
EPOCH:: 57, Traininig Loss: 0.011241, Testing Loss: 0.022344, Best Loss: 0.022344, Rot_err: 8.778254
EPOCH:: 58, Traininig Loss: 0.010700, Testing Loss: 0.023308, Best Loss: 0.022344, Rot_err: 8.953170
EPOCH:: 59, Traininig Loss: 0.010614, Testing Loss: 0.017800, Best Loss: 0.017800, Rot_err: 7.866965
EPOCH:: 60, Traininig Loss: 0.011513, Testing Loss: 0.025053, Best Loss: 0.017800, Rot_err: 9.656660
EPOCH:: 61, Traininig Loss: 0.011112, Testing Loss: 0.022558, Best Loss: 0.017800, Rot_err: 8.848992
EPOCH:: 62, Traininig Loss: 0.009876, Testing Loss: 0.021692, Best Loss: 0.017800, Rot_err: 9.277239
EPOCH:: 63, Traininig Loss: 0.009489, Testing Loss: 0.022359, Best Loss: 0.017800, Rot_err: 8.987631
EPOCH:: 64, Traininig Loss: 0.018908, Testing Loss: 0.020131, Best Loss: 0.017800, Rot_err: 8.875455
EPOCH:: 65, Traininig Loss: 0.012486, Testing Loss: 0.022943, Best Loss: 0.017800, Rot_err: 8.619003
EPOCH:: 66, Traininig Loss: 0.009849, Testing Loss: 0.020076, Best Loss: 0.017800, Rot_err: 8.057405
EPOCH:: 67, Traininig Loss: 0.009458, Testing Loss: 0.018557, Best Loss: 0.017800, Rot_err: 7.987212
EPOCH:: 68, Traininig Loss: 0.008840, Testing Loss: 0.021409, Best Loss: 0.017800, Rot_err: 8.689641
EPOCH:: 69, Traininig Loss: 0.009189, Testing Loss: 0.019721, Best Loss: 0.017800, Rot_err: 8.301823
EPOCH:: 70, Traininig Loss: 0.021364, Testing Loss: 0.049266, Best Loss: 0.017800, Rot_err: 14.156847
EPOCH:: 71, Traininig Loss: 0.014516, Testing Loss: 0.022435, Best Loss: 0.017800, Rot_err: 8.290150
EPOCH:: 72, Traininig Loss: 0.008751, Testing Loss: 0.022688, Best Loss: 0.017800, Rot_err: 8.548276
EPOCH:: 73, Traininig Loss: 0.008142, Testing Loss: 0.021899, Best Loss: 0.017800, Rot_err: 8.126356
EPOCH:: 74, Traininig Loss: 0.007300, Testing Loss: 0.021409, Best Loss: 0.017800, Rot_err: 8.420732
EPOCH:: 75, Traininig Loss: 0.019940, Testing Loss: 0.062355, Best Loss: 0.017800, Rot_err: 16.716511
EPOCH:: 76, Traininig Loss: 0.016374, Testing Loss: 0.020812, Best Loss: 0.017800, Rot_err: 8.442652
EPOCH:: 77, Traininig Loss: 0.007827, Testing Loss: 0.018243, Best Loss: 0.017800, Rot_err: 7.419112
EPOCH:: 78, Traininig Loss: 0.006547, Testing Loss: 0.019460, Best Loss: 0.017800, Rot_err: 7.717810
EPOCH:: 79, Traininig Loss: 0.006301, Testing Loss: 0.017295, Best Loss: 0.017295, Rot_err: 6.845210
EPOCH:: 80, Traininig Loss: 0.006862, Testing Loss: 0.019934, Best Loss: 0.017295, Rot_err: 8.210032
EPOCH:: 81, Traininig Loss: 0.006903, Testing Loss: 0.016979, Best Loss: 0.016979, Rot_err: 6.997786
EPOCH:: 82, Traininig Loss: 0.006634, Testing Loss: 0.019893, Best Loss: 0.016979, Rot_err: 7.403139
EPOCH:: 83, Traininig Loss: 0.007152, Testing Loss: 0.018872, Best Loss: 0.016979, Rot_err: 7.339353
EPOCH:: 84, Traininig Loss: 0.040851, Testing Loss: 0.032258, Best Loss: 0.016979, Rot_err: 11.090496
EPOCH:: 85, Traininig Loss: 0.012178, Testing Loss: 0.024656, Best Loss: 0.016979, Rot_err: 8.717856
EPOCH:: 86, Traininig Loss: 0.007222, Testing Loss: 0.019916, Best Loss: 0.016979, Rot_err: 7.786130
EPOCH:: 87, Traininig Loss: 0.006609, Testing Loss: 0.017105, Best Loss: 0.016979, Rot_err: 6.844411
EPOCH:: 88, Traininig Loss: 0.005765, Testing Loss: 0.018310, Best Loss: 0.016979, Rot_err: 6.871808
EPOCH:: 89, Traininig Loss: 0.005306, Testing Loss: 0.018090, Best Loss: 0.016979, Rot_err: 6.985492
EPOCH:: 90, Traininig Loss: 0.005533, Testing Loss: 0.019087, Best Loss: 0.016979, Rot_err: 7.152257
EPOCH:: 91, Traininig Loss: 0.005382, Testing Loss: 0.019264, Best Loss: 0.016979, Rot_err: 7.543702
EPOCH:: 92, Traininig Loss: 0.005329, Testing Loss: 0.018396, Best Loss: 0.016979, Rot_err: 7.017182
EPOCH:: 93, Traininig Loss: 0.005455, Testing Loss: 0.022072, Best Loss: 0.016979, Rot_err: 8.285921
EPOCH:: 94, Traininig Loss: 0.005825, Testing Loss: 0.020402, Best Loss: 0.016979, Rot_err: 7.535140
EPOCH:: 95, Traininig Loss: 0.005587, Testing Loss: 0.020658, Best Loss: 0.016979, Rot_err: 7.991141
EPOCH:: 96, Traininig Loss: 0.005730, Testing Loss: 0.018093, Best Loss: 0.016979, Rot_err: 6.812064
EPOCH:: 97, Traininig Loss: 0.005707, Testing Loss: 0.020310, Best Loss: 0.016979, Rot_err: 7.692770
EPOCH:: 98, Traininig Loss: 0.005498, Testing Loss: 0.018776, Best Loss: 0.016979, Rot_err: 7.427096
EPOCH:: 99, Traininig Loss: 0.006138, Testing Loss: 0.021701, Best Loss: 0.016979, Rot_err: 8.627998
EPOCH:: 100, Traininig Loss: 0.007509, Testing Loss: 0.018415, Best Loss: 0.016979, Rot_err: 7.164597
EPOCH:: 101, Traininig Loss: 0.005307, Testing Loss: 0.018293, Best Loss: 0.016979, Rot_err: 7.453991
EPOCH:: 102, Traininig Loss: 0.004516, Testing Loss: 0.018346, Best Loss: 0.016979, Rot_err: 6.751649
EPOCH:: 103, Traininig Loss: 0.005435, Testing Loss: 0.018978, Best Loss: 0.016979, Rot_err: 7.326908
EPOCH:: 104, Traininig Loss: 0.004911, Testing Loss: 0.018648, Best Loss: 0.016979, Rot_err: 6.750201
EPOCH:: 105, Traininig Loss: 0.004789, Testing Loss: 0.017920, Best Loss: 0.016979, Rot_err: 6.855136
EPOCH:: 106, Traininig Loss: 0.005391, Testing Loss: 0.018386, Best Loss: 0.016979, Rot_err: 7.032671
EPOCH:: 107, Traininig Loss: 0.004685, Testing Loss: 0.016842, Best Loss: 0.016842, Rot_err: 6.552875
EPOCH:: 108, Traininig Loss: 0.004090, Testing Loss: 0.016798, Best Loss: 0.016798, Rot_err: 6.460050
EPOCH:: 109, Traininig Loss: 0.004218, Testing Loss: 0.017095, Best Loss: 0.016798, Rot_err: 6.670451
EPOCH:: 110, Traininig Loss: 0.004011, Testing Loss: 0.016786, Best Loss: 0.016786, Rot_err: 6.690871
EPOCH:: 111, Traininig Loss: 0.004206, Testing Loss: 0.018203, Best Loss: 0.016786, Rot_err: 6.841868
EPOCH:: 112, Traininig Loss: 0.005690, Testing Loss: 0.016051, Best Loss: 0.016051, Rot_err: 7.086999
EPOCH:: 113, Traininig Loss: 0.003864, Testing Loss: 0.017106, Best Loss: 0.016051, Rot_err: 6.277374
EPOCH:: 114, Traininig Loss: 0.004132, Testing Loss: 0.018555, Best Loss: 0.016051, Rot_err: 6.663897
EPOCH:: 115, Traininig Loss: 0.004577, Testing Loss: 0.016602, Best Loss: 0.016051, Rot_err: 6.206103
EPOCH:: 116, Traininig Loss: 0.003409, Testing Loss: 0.014954, Best Loss: 0.014954, Rot_err: 6.332725
EPOCH:: 117, Traininig Loss: 0.004017, Testing Loss: 0.017139, Best Loss: 0.014954, Rot_err: 6.211481
EPOCH:: 118, Traininig Loss: 0.003504, Testing Loss: 0.018390, Best Loss: 0.014954, Rot_err: 7.767142
EPOCH:: 119, Traininig Loss: 0.003795, Testing Loss: 0.016524, Best Loss: 0.014954, Rot_err: 6.387081
EPOCH:: 120, Traininig Loss: 0.003986, Testing Loss: 0.016232, Best Loss: 0.014954, Rot_err: 5.980798
EPOCH:: 121, Traininig Loss: 0.003505, Testing Loss: 0.015918, Best Loss: 0.014954, Rot_err: 5.943415
EPOCH:: 122, Traininig Loss: 0.003873, Testing Loss: 0.016600, Best Loss: 0.014954, Rot_err: 6.813229
EPOCH:: 123, Traininig Loss: 0.007957, Testing Loss: 0.122949, Best Loss: 0.014954, Rot_err: 25.107779
EPOCH:: 124, Traininig Loss: 0.042379, Testing Loss: 0.013911, Best Loss: 0.013911, Rot_err: 7.264837
EPOCH:: 125, Traininig Loss: 0.006627, Testing Loss: 0.012712, Best Loss: 0.012712, Rot_err: 6.702620
EPOCH:: 126, Traininig Loss: 0.004103, Testing Loss: 0.012941, Best Loss: 0.012712, Rot_err: 5.682170
EPOCH:: 127, Traininig Loss: 0.002892, Testing Loss: 0.012105, Best Loss: 0.012105, Rot_err: 5.710004
EPOCH:: 128, Traininig Loss: 0.002653, Testing Loss: 0.013097, Best Loss: 0.012105, Rot_err: 5.313408
EPOCH:: 129, Traininig Loss: 0.002509, Testing Loss: 0.014050, Best Loss: 0.012105, Rot_err: 5.647718
EPOCH:: 130, Traininig Loss: 0.002443, Testing Loss: 0.011216, Best Loss: 0.011216, Rot_err: 5.162539
EPOCH:: 131, Traininig Loss: 0.002478, Testing Loss: 0.013859, Best Loss: 0.011216, Rot_err: 6.598665
EPOCH:: 132, Traininig Loss: 0.002484, Testing Loss: 0.012061, Best Loss: 0.011216, Rot_err: 5.608714
EPOCH:: 133, Traininig Loss: 0.002532, Testing Loss: 0.011460, Best Loss: 0.011216, Rot_err: 5.473969
EPOCH:: 134, Traininig Loss: 0.002438, Testing Loss: 0.011130, Best Loss: 0.011130, Rot_err: 5.201601
EPOCH:: 135, Traininig Loss: 0.002809, Testing Loss: 0.010473, Best Loss: 0.010473, Rot_err: 4.756825
EPOCH:: 136, Traininig Loss: 0.002739, Testing Loss: 0.011694, Best Loss: 0.010473, Rot_err: 5.751935
EPOCH:: 137, Traininig Loss: 0.002521, Testing Loss: 0.009502, Best Loss: 0.009502, Rot_err: 4.662229
EPOCH:: 138, Traininig Loss: 0.002845, Testing Loss: 0.012897, Best Loss: 0.009502, Rot_err: 5.840342
EPOCH:: 139, Traininig Loss: 0.002919, Testing Loss: 0.011758, Best Loss: 0.009502, Rot_err: 5.206026
EPOCH:: 140, Traininig Loss: 0.002721, Testing Loss: 0.011917, Best Loss: 0.009502, Rot_err: 4.980891
EPOCH:: 141, Traininig Loss: 0.002681, Testing Loss: 0.013619, Best Loss: 0.009502, Rot_err: 5.369041
EPOCH:: 142, Traininig Loss: 0.002950, Testing Loss: 0.011108, Best Loss: 0.009502, Rot_err: 5.380013
EPOCH:: 143, Traininig Loss: 0.002403, Testing Loss: 0.011307, Best Loss: 0.009502, Rot_err: 5.011863
EPOCH:: 144, Traininig Loss: 0.002532, Testing Loss: 0.013340, Best Loss: 0.009502, Rot_err: 5.342568
EPOCH:: 145, Traininig Loss: 0.002915, Testing Loss: 0.011500, Best Loss: 0.009502, Rot_err: 5.211000
EPOCH:: 146, Traininig Loss: 0.002987, Testing Loss: 0.012906, Best Loss: 0.009502, Rot_err: 5.493483
EPOCH:: 147, Traininig Loss: 0.003595, Testing Loss: 0.010777, Best Loss: 0.009502, Rot_err: 5.038755
EPOCH:: 148, Traininig Loss: 0.002853, Testing Loss: 0.011975, Best Loss: 0.009502, Rot_err: 4.888309
EPOCH:: 149, Traininig Loss: 0.002296, Testing Loss: 0.009369, Best Loss: 0.009369, Rot_err: 4.767978
EPOCH:: 150, Traininig Loss: 0.002522, Testing Loss: 0.011124, Best Loss: 0.009369, Rot_err: 4.967070
EPOCH:: 151, Traininig Loss: 0.002284, Testing Loss: 0.012752, Best Loss: 0.009369, Rot_err: 6.005896
EPOCH:: 152, Traininig Loss: 0.002314, Testing Loss: 0.012530, Best Loss: 0.009369, Rot_err: 4.851199
EPOCH:: 153, Traininig Loss: 0.002579, Testing Loss: 0.014180, Best Loss: 0.009369, Rot_err: 5.721260
EPOCH:: 154, Traininig Loss: 0.002649, Testing Loss: 0.013004, Best Loss: 0.009369, Rot_err: 5.379500
EPOCH:: 155, Traininig Loss: 0.002206, Testing Loss: 0.013461, Best Loss: 0.009369, Rot_err: 5.547871
EPOCH:: 156, Traininig Loss: 0.002555, Testing Loss: 0.010684, Best Loss: 0.009369, Rot_err: 6.017695
EPOCH:: 157, Traininig Loss: 0.002993, Testing Loss: 0.015146, Best Loss: 0.009369, Rot_err: 6.844310
EPOCH:: 158, Traininig Loss: 0.002889, Testing Loss: 0.013068, Best Loss: 0.009369, Rot_err: 5.312039
EPOCH:: 159, Traininig Loss: 0.002325, Testing Loss: 0.012654, Best Loss: 0.009369, Rot_err: 4.742589
EPOCH:: 160, Traininig Loss: 0.001893, Testing Loss: 0.011641, Best Loss: 0.009369, Rot_err: 4.780343
EPOCH:: 161, Traininig Loss: 0.002582, Testing Loss: 0.013507, Best Loss: 0.009369, Rot_err: 5.059091
EPOCH:: 162, Traininig Loss: 0.002536, Testing Loss: 0.016173, Best Loss: 0.009369, Rot_err: 6.355528
EPOCH:: 163, Traininig Loss: 0.002425, Testing Loss: 0.012094, Best Loss: 0.009369, Rot_err: 5.557738
EPOCH:: 164, Traininig Loss: 0.001954, Testing Loss: 0.015292, Best Loss: 0.009369, Rot_err: 6.078852
EPOCH:: 165, Traininig Loss: 0.002342, Testing Loss: 0.013981, Best Loss: 0.009369, Rot_err: 5.088972
EPOCH:: 166, Traininig Loss: 0.002306, Testing Loss: 0.016672, Best Loss: 0.009369, Rot_err: 5.615633
EPOCH:: 167, Traininig Loss: 0.002905, Testing Loss: 0.012035, Best Loss: 0.009369, Rot_err: 4.600377
EPOCH:: 168, Traininig Loss: 0.001886, Testing Loss: 0.014861, Best Loss: 0.009369, Rot_err: 5.047940
EPOCH:: 169, Traininig Loss: 0.002343, Testing Loss: 0.010852, Best Loss: 0.009369, Rot_err: 4.578498
EPOCH:: 170, Traininig Loss: 0.002093, Testing Loss: 0.012898, Best Loss: 0.009369, Rot_err: 4.717753
EPOCH:: 171, Traininig Loss: 0.029152, Testing Loss: 0.026639, Best Loss: 0.009369, Rot_err: 10.638943
EPOCH:: 172, Traininig Loss: 0.007337, Testing Loss: 0.013196, Best Loss: 0.009369, Rot_err: 6.182530
EPOCH:: 173, Traininig Loss: 0.002844, Testing Loss: 0.014019, Best Loss: 0.009369, Rot_err: 5.382744
EPOCH:: 174, Traininig Loss: 0.001957, Testing Loss: 0.010185, Best Loss: 0.009369, Rot_err: 4.755714
EPOCH:: 175, Traininig Loss: 0.001639, Testing Loss: 0.011411, Best Loss: 0.009369, Rot_err: 4.616975
EPOCH:: 176, Traininig Loss: 0.001513, Testing Loss: 0.011458, Best Loss: 0.009369, Rot_err: 4.559068
EPOCH:: 177, Traininig Loss: 0.001415, Testing Loss: 0.010745, Best Loss: 0.009369, Rot_err: 4.391063
EPOCH:: 178, Traininig Loss: 0.001386, Testing Loss: 0.011038, Best Loss: 0.009369, Rot_err: 4.370375
EPOCH:: 179, Traininig Loss: 0.001355, Testing Loss: 0.011343, Best Loss: 0.009369, Rot_err: 4.380717
EPOCH:: 180, Traininig Loss: 0.001348, Testing Loss: 0.011285, Best Loss: 0.009369, Rot_err: 4.391412
EPOCH:: 181, Traininig Loss: 0.001326, Testing Loss: 0.011477, Best Loss: 0.009369, Rot_err: 4.594587
EPOCH:: 182, Traininig Loss: 0.001686, Testing Loss: 0.012745, Best Loss: 0.009369, Rot_err: 4.786388
EPOCH:: 183, Traininig Loss: 0.001620, Testing Loss: 0.011254, Best Loss: 0.009369, Rot_err: 4.611934
EPOCH:: 184, Traininig Loss: 0.001788, Testing Loss: 0.011501, Best Loss: 0.009369, Rot_err: 4.754992
EPOCH:: 185, Traininig Loss: 0.001574, Testing Loss: 0.012231, Best Loss: 0.009369, Rot_err: 4.687589
EPOCH:: 186, Traininig Loss: 0.001728, Testing Loss: 0.012315, Best Loss: 0.009369, Rot_err: 4.863376
EPOCH:: 187, Traininig Loss: 0.001902, Testing Loss: 0.010109, Best Loss: 0.009369, Rot_err: 5.079604
EPOCH:: 188, Traininig Loss: 0.001904, Testing Loss: 0.011428, Best Loss: 0.009369, Rot_err: 4.628509
EPOCH:: 189, Traininig Loss: 0.001878, Testing Loss: 0.010708, Best Loss: 0.009369, Rot_err: 4.958447
EPOCH:: 190, Traininig Loss: 0.001718, Testing Loss: 0.011784, Best Loss: 0.009369, Rot_err: 5.219296
EPOCH:: 191, Traininig Loss: 0.002051, Testing Loss: 0.011399, Best Loss: 0.009369, Rot_err: 4.442951
EPOCH:: 192, Traininig Loss: 0.001786, Testing Loss: 0.011427, Best Loss: 0.009369, Rot_err: 4.879752
EPOCH:: 193, Traininig Loss: 0.001782, Testing Loss: 0.009723, Best Loss: 0.009369, Rot_err: 4.757314
EPOCH:: 194, Traininig Loss: 0.002885, Testing Loss: 0.012129, Best Loss: 0.009369, Rot_err: 5.069331
EPOCH:: 195, Traininig Loss: 0.001514, Testing Loss: 0.012868, Best Loss: 0.009369, Rot_err: 4.721447
EPOCH:: 196, Traininig Loss: 0.001548, Testing Loss: 0.011563, Best Loss: 0.009369, Rot_err: 4.732276
EPOCH:: 197, Traininig Loss: 0.001690, Testing Loss: 0.011739, Best Loss: 0.009369, Rot_err: 4.380075
EPOCH:: 198, Traininig Loss: 0.001952, Testing Loss: 0.013125, Best Loss: 0.009369, Rot_err: 5.614825
EPOCH:: 199, Traininig Loss: 0.001808, Testing Loss: 0.012038, Best Loss: 0.009369, Rot_err: 4.904961
EPOCH:: 200, Traininig Loss: 0.001812, Testing Loss: 0.012645, Best Loss: 0.009369, Rot_err: 5.124938
Namespace(batch_size=20, class_choice=7, datafolder='car_hdf5_2048', dataset_type='modelnet', device='cuda:0', emb_dims=1024, epochs=200, eval=False, exp_name='car_ipcrnet', num_points=1024, optimizer='Adam', pointnet='tune', pretrained='', resume='', seed=1234, start_epoch=0, symfn='max', workers=4)
